This file contains any messages produced by compilers while
running configure, to aid debugging if configure makes a mistake.

It was created by configure, which was
generated by GNU Autoconf 2.61.  Invocation command line was

  $ ./configure 

## --------- ##
## Platform. ##
## --------- ##

hostname = suportes-computer.local
uname -m = i386
uname -r = 9.5.0
uname -s = Darwin
uname -v = Darwin Kernel Version 9.5.0: Wed Sep  3 11:29:43 PDT 2008; root:xnu-1228.7.58~1/RELEASE_I386

/usr/bin/uname -p = i386
/bin/uname -X     = unknown

/bin/arch              = unknown
/usr/bin/arch -k       = unknown
/usr/convex/getsysinfo = unknown
/usr/bin/hostinfo      = Mach kernel version:
	 Darwin Kernel Version 9.5.0: Wed Sep  3 11:29:43 PDT 2008; root:xnu-1228.7.58~1/RELEASE_I386
Kernel configured for up to 2 processors.
2 processors are physically available.
2 processors are logically available.
Processor type: i486 (Intel 80486)
Processors active: 0 1
Primary memory available: 2.00 gigabytes
Default processor set: 131 tasks, 570 threads, 2 processors
Load average: 1.82, Mach factor: 0.83
/bin/machine           = unknown
/usr/bin/oslevel       = unknown
/bin/universe          = unknown

PATH: /usr/bin
PATH: /bin
PATH: /usr/sbin
PATH: /sbin
PATH: /usr/local/bin
PATH: /usr/X11/bin


## ----------- ##
## Core tests. ##
## ----------- ##

configure:1893: checking for grep that handles long lines and -e
configure:1967: result: /usr/bin/grep
configure:1972: checking for egrep
configure:2050: result: /usr/bin/grep -E
configure:2055: checking for a sed that does not truncate output
configure:2109: result: /usr/bin/sed
configure:2232: checking for gcc
configure:2248: found /usr/bin/gcc
configure:2259: result: gcc
configure:2497: checking for C compiler version
configure:2504: gcc --version >&5
i686-apple-darwin9-gcc-4.0.1 (GCC) 4.0.1 (Apple Inc. build 5484)
Copyright (C) 2005 Free Software Foundation, Inc.
This is free software; see the source for copying conditions.  There is NO
warranty; not even for MERCHANTABILITY or FITNESS FOR A PARTICULAR PURPOSE.

configure:2507: $? = 0
configure:2514: gcc -v >&5
Using built-in specs.
Target: i686-apple-darwin9
Configured with: /var/tmp/gcc/gcc-5484~1/src/configure --disable-checking -enable-werror --prefix=/usr --mandir=/share/man --enable-languages=c,objc,c++,obj-c++ --program-transform-name=/^[cg][^.-]*$/s/$/-4.0/ --with-gxx-include-dir=/include/c++/4.0.0 --with-slibdir=/usr/lib --build=i686-apple-darwin9 --with-arch=apple --with-tune=generic --host=i686-apple-darwin9 --target=i686-apple-darwin9
Thread model: posix
gcc version 4.0.1 (Apple Inc. build 5484)
configure:2517: $? = 0
configure:2524: gcc -V >&5
gcc-4.0: argument to `-V' is missing
configure:2527: $? = 1
configure:2550: checking for C compiler default output file name
configure:2577: gcc    conftest.c  >&5
configure:2580: $? = 0
configure:2618: result: a.out
configure:2635: checking whether the C compiler works
configure:2645: ./a.out
configure:2648: $? = 0
configure:2665: result: yes
configure:2672: checking whether we are cross compiling
configure:2674: result: no
configure:2677: checking for suffix of executables
configure:2684: gcc -o conftest    conftest.c  >&5
configure:2687: $? = 0
configure:2711: result: 
configure:2717: checking for suffix of object files
configure:2743: gcc -c   conftest.c >&5
configure:2746: $? = 0
configure:2769: result: o
configure:2773: checking whether we are using the GNU C compiler
configure:2802: gcc -c   conftest.c >&5
configure:2808: $? = 0
configure:2825: result: yes
configure:2830: checking whether gcc accepts -g
configure:2860: gcc -c -g  conftest.c >&5
configure:2866: $? = 0
configure:2965: result: yes
configure:2982: checking for gcc option to accept ISO C89
configure:3056: gcc  -c -g -O2  conftest.c >&5
configure:3062: $? = 0
configure:3085: result: none needed
configure:3104: checking whether gcc and cc understand -c and -o together
configure:3139: gcc -c conftest.c -o conftest2.o >&5
configure:3142: $? = 0
configure:3148: gcc -c conftest.c -o conftest2.o >&5
configure:3151: $? = 0
configure:3162: cc -c conftest.c >&5
configure:3165: $? = 0
configure:3173: cc -c conftest.c -o conftest2.o >&5
configure:3176: $? = 0
configure:3182: cc -c conftest.c -o conftest2.o >&5
configure:3185: $? = 0
configure:3203: result: yes
configure:3219: checking for system library directory
configure:3237: result: lib
configure:3245: checking if compiler supports -R
configure:3274: gcc -o conftest -g -O2   conftest.c -R /usr/lib  >&5
ld: in /usr/lib, can't map file, errno=22
collect2: ld returned 1 exit status
configure:3280: $? = 1
configure: failed program was:
| /* confdefs.h.  */
| #define PACKAGE_NAME ""
| #define PACKAGE_TARNAME ""
| #define PACKAGE_VERSION ""
| #define PACKAGE_STRING ""
| #define PACKAGE_BUGREPORT ""
| /* end confdefs.h.  */
| 
| int
| main ()
| {
| 
|   ;
|   return 0;
| }
configure:3299: result: no
configure:3304: checking if compiler supports -Wl,-rpath,
configure:3333: gcc -o conftest -g -O2   conftest.c -Wl,-rpath,/usr/lib  >&5
configure:3339: $? = 0
configure:3358: result: yes
configure:3407: checking build system type
configure:3425: result: i686-apple-darwin9.5.0
configure:3447: checking host system type
configure:3462: result: i686-apple-darwin9.5.0
configure:3484: checking target system type
configure:3499: result: i686-apple-darwin9.5.0
configure:3611: checking for PHP prefix
configure:3613: result: /usr
configure:3615: checking for PHP includes
configure:3617: result: -I/usr/include/php -I/usr/include/php/main -I/usr/include/php/TSRM -I/usr/include/php/Zend -I/usr/include/php/ext -I/usr/include/php/ext/date/lib
configure:3619: checking for PHP extension directory
configure:3621: result: /usr/lib/php/extensions/no-debug-non-zts-20060613
configure:3623: checking for PHP installed headers prefix
configure:3625: result: /usr/include/php
configure:3669: checking for re2c
configure:3699: result: no
configure:3724: WARNING: You will need re2c 0.12.0 or later if you want to regenerate PHP parsers.
configure:3738: checking for gawk
configure:3769: result: no
configure:3738: checking for nawk
configure:3769: result: no
configure:3738: checking for awk
configure:3755: found /usr/bin/awk
configure:3766: result: awk
configure:3791: checking if awk is broken
configure:3800: result: no
configure:3815: checking for funcoes_zz support
configure:3858: result: yes, shared
configure:3868: checking whether to enable funcoes_zz support
configure:3910: result: yes, shared
configure:3924: checking for funcoes_zz files in default path
configure:3929: result: found in /Users/suporte/C_workspace/funcoes_zz
configure:4352: checking for ld used by gcc
configure:4419: result: /usr/libexec/gcc/i686-apple-darwin9/4.0.1/ld
configure:4428: checking if the linker (/usr/libexec/gcc/i686-apple-darwin9/4.0.1/ld) is GNU ld
configure:4443: result: no
configure:4448: checking for /usr/libexec/gcc/i686-apple-darwin9/4.0.1/ld option to reload object files
configure:4455: result: -r
configure:4473: checking for BSD-compatible nm
configure:4515: result: /usr/bin/nm -p
configure:4519: checking whether ln -s works
configure:4523: result: yes
configure:4530: checking how to recognise dependent libraries
configure:4702: result: pass_all
configure:4910: checking how to run the C preprocessor
configure:4950: gcc -E  conftest.c
configure:4956: $? = 0
configure:4987: gcc -E  conftest.c
conftest.c:9:28: error: ac_nonexistent.h: No such file or directory
configure:4993: $? = 1
configure: failed program was:
| /* confdefs.h.  */
| #define PACKAGE_NAME ""
| #define PACKAGE_TARNAME ""
| #define PACKAGE_VERSION ""
| #define PACKAGE_STRING ""
| #define PACKAGE_BUGREPORT ""
| #define COMPILE_DL_FUNCOES_ZZ 1
| /* end confdefs.h.  */
| #include <ac_nonexistent.h>
configure:5026: result: gcc -E
configure:5055: gcc -E  conftest.c
configure:5061: $? = 0
configure:5092: gcc -E  conftest.c
conftest.c:9:28: error: ac_nonexistent.h: No such file or directory
configure:5098: $? = 1
configure: failed program was:
| /* confdefs.h.  */
| #define PACKAGE_NAME ""
| #define PACKAGE_TARNAME ""
| #define PACKAGE_VERSION ""
| #define PACKAGE_STRING ""
| #define PACKAGE_BUGREPORT ""
| #define COMPILE_DL_FUNCOES_ZZ 1
| /* end confdefs.h.  */
| #include <ac_nonexistent.h>
configure:5136: checking for ANSI C header files
configure:5166: gcc -c -g -O2  conftest.c >&5
configure:5172: $? = 0
configure:5271: gcc -o conftest -g -O2   conftest.c  >&5
configure:5274: $? = 0
configure:5280: ./conftest
configure:5283: $? = 0
configure:5300: result: yes
configure:5324: checking for sys/types.h
configure:5345: gcc -c -g -O2  conftest.c >&5
configure:5351: $? = 0
configure:5367: result: yes
configure:5324: checking for sys/stat.h
configure:5345: gcc -c -g -O2  conftest.c >&5
configure:5351: $? = 0
configure:5367: result: yes
configure:5324: checking for stdlib.h
configure:5345: gcc -c -g -O2  conftest.c >&5
configure:5351: $? = 0
configure:5367: result: yes
configure:5324: checking for string.h
configure:5345: gcc -c -g -O2  conftest.c >&5
configure:5351: $? = 0
configure:5367: result: yes
configure:5324: checking for memory.h
configure:5345: gcc -c -g -O2  conftest.c >&5
configure:5351: $? = 0
configure:5367: result: yes
configure:5324: checking for strings.h
configure:5345: gcc -c -g -O2  conftest.c >&5
configure:5351: $? = 0
configure:5367: result: yes
configure:5324: checking for inttypes.h
configure:5345: gcc -c -g -O2  conftest.c >&5
configure:5351: $? = 0
configure:5367: result: yes
configure:5324: checking for stdint.h
configure:5345: gcc -c -g -O2  conftest.c >&5
configure:5351: $? = 0
configure:5367: result: yes
configure:5324: checking for unistd.h
configure:5345: gcc -c -g -O2  conftest.c >&5
configure:5351: $? = 0
configure:5367: result: yes
configure:5394: checking dlfcn.h usability
configure:5411: gcc -c -g -O2  conftest.c >&5
configure:5417: $? = 0
configure:5431: result: yes
configure:5435: checking dlfcn.h presence
configure:5450: gcc -E  conftest.c
configure:5456: $? = 0
configure:5470: result: yes
configure:5498: checking for dlfcn.h
configure:5506: result: yes
configure:5758: checking the maximum length of command line arguments
configure:5850: result: 196608
configure:5861: checking command to parse /usr/bin/nm -p output from gcc object
configure:5957: gcc -c -g -O2  conftest.c >&5
configure:5960: $? = 0
configure:5964: /usr/bin/nm -p conftest.o \| sed -n -e 's/^.*[ 	]\([BCDEGRST][BCDEGRST]*\)[ 	][ 	]*\([_A-Za-z][_A-Za-z0-9]*\)$/\1 \2 \2/p' \> conftest.nm
configure:5967: $? = 0
cannot find nm_test_var in conftest.nm
configure:5957: gcc -c -g -O2  conftest.c >&5
configure:5960: $? = 0
configure:5964: /usr/bin/nm -p conftest.o \| sed -n -e 's/^.*[ 	]\([BCDEGRST][BCDEGRST]*\)[ 	][ 	]*_\([_A-Za-z][_A-Za-z0-9]*\)$/\1 _\2 \2/p' \> conftest.nm
configure:5967: $? = 0
configure:6019: gcc -o conftest -g -O2   conftest.c conftstm.o >&5
configure:6022: $? = 0
configure:6060: result: ok
configure:6064: checking for objdir
configure:6079: result: .libs
configure:6171: checking for ar
configure:6187: found /usr/bin/ar
configure:6198: result: ar
configure:6267: checking for ranlib
configure:6283: found /usr/bin/ranlib
configure:6294: result: ranlib
configure:6363: checking for strip
configure:6379: found /usr/bin/strip
configure:6390: result: strip
configure:6692: checking if gcc static flag  works
configure:6720: result: yes
configure:6742: checking if gcc supports -fno-rtti -fno-exceptions
configure:6760: gcc -c -g -O2  -fno-rtti -fno-exceptions conftest.c >&5
cc1: warning: command line option "-fno-rtti" is valid for C++/ObjC++ but not for C
configure:6764: $? = 0
configure:6777: result: no
configure:6792: checking for gcc option to produce PIC
configure:6996: result: -fno-common
configure:7004: checking if gcc PIC flag -fno-common works
configure:7022: gcc -c -g -O2  -fno-common -DPIC conftest.c >&5
configure:7026: $? = 0
configure:7039: result: yes
configure:7063: checking if gcc supports -c -o file.o
configure:7084: gcc -c -g -O2  -o out/conftest2.o conftest.c >&5
configure:7088: $? = 0
configure:7110: result: yes
configure:7136: checking whether the gcc linker (/usr/libexec/gcc/i686-apple-darwin9/4.0.1/ld) supports shared libraries
configure:7980: result: yes
configure:8051: checking dynamic linker characteristics
configure:8626: result: darwin9.5.0 dyld
configure:8630: checking how to hardcode library paths into programs
configure:8655: result: immediate
configure:8669: checking whether stripping libraries is possible
configure:8682: result: yes
configure:9471: checking if libtool supports shared libraries
configure:9473: result: yes
configure:9476: checking whether to build shared libraries
configure:9497: result: yes
configure:9500: checking whether to build static libraries
configure:9504: result: no
configure:9597: result:
creating libtool
configure:13921: creating ./config.status

## ---------------------- ##
## Running config.status. ##
## ---------------------- ##

This file was extended by config.status, which was
generated by GNU Autoconf 2.61.  Invocation command line was

  CONFIG_FILES    = 
  CONFIG_HEADERS  = 
  CONFIG_LINKS    = 
  CONFIG_COMMANDS = 
  $ ./config.status 

on suportes-computer.local

config.status:515: creating config.h
config.status:663: config.h is unchanged

## ---------------- ##
## Cache variables. ##
## ---------------- ##

ac_cv_build=i686-apple-darwin9.5.0
ac_cv_c_compiler_gnu=yes
ac_cv_env_CC_set=
ac_cv_env_CC_value=
ac_cv_env_CFLAGS_set=
ac_cv_env_CFLAGS_value=
ac_cv_env_CPPFLAGS_set=
ac_cv_env_CPPFLAGS_value=
ac_cv_env_CPP_set=
ac_cv_env_CPP_value=
ac_cv_env_CXXCPP_set=
ac_cv_env_CXXCPP_value=
ac_cv_env_LDFLAGS_set=
ac_cv_env_LDFLAGS_value=
ac_cv_env_LIBS_set=
ac_cv_env_LIBS_value=
ac_cv_env_build_alias_set=
ac_cv_env_build_alias_value=
ac_cv_env_host_alias_set=
ac_cv_env_host_alias_value=
ac_cv_env_target_alias_set=
ac_cv_env_target_alias_value=
ac_cv_header_dlfcn_h=yes
ac_cv_header_inttypes_h=yes
ac_cv_header_memory_h=yes
ac_cv_header_stdc=yes
ac_cv_header_stdint_h=yes
ac_cv_header_stdlib_h=yes
ac_cv_header_string_h=yes
ac_cv_header_strings_h=yes
ac_cv_header_sys_stat_h=yes
ac_cv_header_sys_types_h=yes
ac_cv_header_unistd_h=yes
ac_cv_host=i686-apple-darwin9.5.0
ac_cv_objext=o
ac_cv_path_EGREP='/usr/bin/grep -E'
ac_cv_path_GREP=/usr/bin/grep
ac_cv_prog_AWK=awk
ac_cv_prog_CPP='gcc -E'
ac_cv_prog_ac_ct_AR=ar
ac_cv_prog_ac_ct_CC=gcc
ac_cv_prog_ac_ct_RANLIB=ranlib
ac_cv_prog_ac_ct_STRIP=strip
ac_cv_prog_cc_c89=
ac_cv_prog_cc_g=yes
ac_cv_prog_cc_gcc_c_o=yes
ac_cv_target=i686-apple-darwin9.5.0
lt_cv_deplibs_check_method=pass_all
lt_cv_file_magic_cmd='$MAGIC_CMD'
lt_cv_file_magic_test_file=
lt_cv_ld_reload_flag=-r
lt_cv_objdir=.libs
lt_cv_path_LD=/usr/libexec/gcc/i686-apple-darwin9/4.0.1/ld
lt_cv_path_NM='/usr/bin/nm -p'
lt_cv_path_SED=/usr/bin/sed
lt_cv_prog_compiler_c_o=yes
lt_cv_prog_compiler_rtti_exceptions=no
lt_cv_prog_gnu_ld=no
lt_cv_sys_global_symbol_pipe='sed -n -e '\''s/^.*[ 	]\([BCDEGRST][BCDEGRST]*\)[ 	][ 	]*_\([_A-Za-z][_A-Za-z0-9]*\)$/\1 _\2 \2/p'\'''
lt_cv_sys_global_symbol_to_c_name_address='sed -n -e '\''s/^: \([^ ]*\) $/  {\"\1\", (lt_ptr) 0},/p'\'' -e '\''s/^[BCDEGRST] \([^ ]*\) \([^ ]*\)$/  {"\2", (lt_ptr) \&\2},/p'\'''
lt_cv_sys_global_symbol_to_cdecl='sed -n -e '\''s/^. .* \(.*\)$/extern int \1;/p'\'''
lt_cv_sys_max_cmd_len=196608
lt_lt_cv_prog_compiler_c_o='"yes"'
lt_lt_cv_sys_global_symbol_pipe='"sed -n -e '\''s/^.*[ 	]\\([BCDEGRST][BCDEGRST]*\\)[ 	][ 	]*_\\([_A-Za-z][_A-Za-z0-9]*\\)\$/\\1 _\\2 \\2/p'\''"'
lt_lt_cv_sys_global_symbol_to_c_name_address='"sed -n -e '\''s/^: \\([^ ]*\\) \$/  {\\\"\\1\\\", (lt_ptr) 0},/p'\'' -e '\''s/^[BCDEGRST] \\([^ ]*\\) \\([^ ]*\\)\$/  {\"\\2\", (lt_ptr) \\&\\2},/p'\''"'
lt_lt_cv_sys_global_symbol_to_cdecl='"sed -n -e '\''s/^. .* \\(.*\\)\$/extern int \\1;/p'\''"'
php_cv_cc_dashr=no
php_cv_cc_rpath=yes

## ----------------- ##
## Output variables. ##
## ----------------- ##

AR='ar'
AWK='awk'
CC='gcc'
CFLAGS='-g -O2'
CONFIGURE_COMMAND=' '\''./configure'\'' '
CONFIGURE_OPTIONS=''
CPP='gcc -E'
CPPFLAGS=' -DHAVE_CONFIG_H'
CXXCPP=''
DEFS='-DHAVE_CONFIG_H'
ECHO='/bin/echo'
ECHO_C='ECHO_N=''
ECHO_T=''
EGREP='/usr/bin/grep -E'
EXEEXT=''
GREP='/usr/bin/grep'
LDFLAGS=''
LIBOBJS=''
LIBS=''
LIBTOOL='$(SHELL) $(top_builddir)/libtool'
LN_S='ln -s'
LTLIBOBJS=''
OBJEXT='o'
PACKAGE_BUGREPORT=''
PACKAGE_NAME=''
PACKAGE_STRING=''
PACKAGE_TARNAME=''
PACKAGE_VERSION=''
PATH_SEPARATOR=':'
RANLIB='ranlib'
RE2C='exit 0;'
SED='/usr/bin/sed'
SHELL='/bin/sh'
SHLIB_DL_SUFFIX_NAME='so'
SHLIB_SUFFIX_NAME='dylib'
STRIP='strip'
ac_ct_CC='gcc'
bindir='${exec_prefix}/bin'
build='i686-apple-darwin9.5.0'
build_alias=''
build_cpu='i686'
build_os='darwin9.5.0'
build_vendor='apple'
datadir='${datarootdir}'
datarootdir='${prefix}/share'
docdir='${datarootdir}/doc/${PACKAGE}'
dvidir='${docdir}'
exec_prefix='$(prefix)'
host='i686-apple-darwin9.5.0'
host_alias='i686-apple-darwin9.5.0'
host_cpu='i686'
host_os='darwin9.5.0'
host_vendor='apple'
htmldir='${docdir}'
includedir='${prefix}/include'
infodir='${datarootdir}/info'
libdir='${exec_prefix}/lib'
libexecdir='${exec_prefix}/libexec'
localedir='${datarootdir}/locale'
localstatedir='${prefix}/var'
mandir='${datarootdir}/man'
oldincludedir='/usr/include'
pdfdir='${docdir}'
prefix='/usr'
program_transform_name='s,x,x,'
psdir='${docdir}'
sbindir='${exec_prefix}/sbin'
sharedstatedir='${prefix}/com'
sysconfdir='${prefix}/etc'
target='i686-apple-darwin9.5.0'
target_alias=''
target_cpu='i686'
target_os='darwin9.5.0'
target_vendor='apple'

## ----------- ##
## confdefs.h. ##
## ----------- ##

#define PACKAGE_NAME ""
#define PACKAGE_TARNAME ""
#define PACKAGE_VERSION ""
#define PACKAGE_STRING ""
#define PACKAGE_BUGREPORT ""
#define COMPILE_DL_FUNCOES_ZZ 1
#define STDC_HEADERS 1
#define HAVE_SYS_TYPES_H 1
#define HAVE_SYS_STAT_H 1
#define HAVE_STDLIB_H 1
#define HAVE_STRING_H 1
#define HAVE_MEMORY_H 1
#define HAVE_STRINGS_H 1
#define HAVE_INTTYPES_H 1
#define HAVE_STDINT_H 1
#define HAVE_UNISTD_H 1
#define HAVE_DLFCN_H 1

configure: exit 0
